<component name="libraryTable">
  <library name="junit-4.7">
    <CLASSES>
      <root url="jar://F:/SSHjar包/hibernate/jar/junit-4.7.jar!/" />
      <root url="jar://F:/SSHjar包/hibernate/jar/junit-dep-4.7.jar!/" />
    </CLASSES>
    <JAVADOC />
    <SOURCES />
  </library>
</component>